{"/Users/changhwanyoun/Documents/project/nodejs/meadowlark.js": {"path":"/Users/changhwanyoun/Documents/project/nodejs/meadowlark.js","statementMap":{"0":{"start":{"line":1,"column":16},"end":{"line":1,"column":34}},"1":{"start":{"line":2,"column":26},"end":{"line":2,"column":55}},"2":{"start":{"line":3,"column":12},"end":{"line":3,"column":21}},"3":{"start":{"line":4,"column":13},"end":{"line":4,"column":37}},"4":{"start":{"line":5,"column":17},"end":{"line":5,"column":42}},"5":{"start":{"line":7,"column":0},"end":{"line":12,"column":2}},"6":{"start":{"line":14,"column":0},"end":{"line":14,"column":37}},"7":{"start":{"line":15,"column":0},"end":{"line":15,"column":47}},"8":{"start":{"line":17,"column":0},"end":{"line":17,"column":28}},"9":{"start":{"line":19,"column":0},"end":{"line":19,"column":34}},"10":{"start":{"line":21,"column":0},"end":{"line":21,"column":27}},"11":{"start":{"line":23,"column":0},"end":{"line":23,"column":30}},"12":{"start":{"line":25,"column":0},"end":{"line":34,"column":1}},"13":{"start":{"line":26,"column":2},"end":{"line":31,"column":4}},"14":{"start":{"line":27,"column":4},"end":{"line":30,"column":5}},"15":{"start":{"line":33,"column":2},"end":{"line":33,"column":23}}},"fnMap":{"0":{"name":"(anonymous_0)","decl":{"start":{"line":26,"column":19},"end":{"line":26,"column":20}},"loc":{"start":{"line":27,"column":4},"end":{"line":30,"column":5}},"line":27}},"branchMap":{"0":{"loc":{"start":{"line":4,"column":13},"end":{"line":4,"column":37}},"type":"binary-expr","locations":[{"start":{"line":4,"column":13},"end":{"line":4,"column":29}},{"start":{"line":4,"column":33},"end":{"line":4,"column":37}}],"line":4},"1":{"loc":{"start":{"line":25,"column":0},"end":{"line":34,"column":1}},"type":"if","locations":[{"start":{"line":25,"column":0},"end":{"line":34,"column":1}},{"start":{"line":32,"column":7},"end":{"line":34,"column":1}}],"line":25}},"s":{"0":1,"1":1,"2":1,"3":1,"4":1,"5":1,"6":1,"7":1,"8":1,"9":1,"10":1,"11":1,"12":1,"13":0,"14":0,"15":1},"f":{"0":0},"b":{"0":[1,1],"1":[0,1]},"_coverageSchema":"1a1c01bbd47fc00a2c39e90264f33305004495a9","hash":"83880c031b54117a3ede9ee69f60d5601eeb9350"}
,"/Users/changhwanyoun/Documents/project/nodejs/lib/fortune.js": {"path":"/Users/changhwanyoun/Documents/project/nodejs/lib/fortune.js","statementMap":{"0":{"start":{"line":1,"column":23},"end":{"line":7,"column":1}},"1":{"start":{"line":9,"column":0},"end":{"line":12,"column":2}},"2":{"start":{"line":10,"column":14},"end":{"line":10,"column":63}},"3":{"start":{"line":11,"column":2},"end":{"line":11,"column":29}}},"fnMap":{"0":{"name":"(anonymous_0)","decl":{"start":{"line":9,"column":21},"end":{"line":9,"column":22}},"loc":{"start":{"line":9,"column":27},"end":{"line":12,"column":1}},"line":9}},"branchMap":{},"s":{"0":2,"1":2,"2":2,"3":2},"f":{"0":2},"b":{},"_coverageSchema":"1a1c01bbd47fc00a2c39e90264f33305004495a9","hash":"f716392f54f4e953523ff7d2710448e4dbf7dcf6"}
,"/Users/changhwanyoun/Documents/project/nodejs/lib/handlers.js": {"path":"/Users/changhwanyoun/Documents/project/nodejs/lib/handlers.js","statementMap":{"0":{"start":{"line":1,"column":16},"end":{"line":1,"column":36}},"1":{"start":{"line":3,"column":0},"end":{"line":3,"column":48}},"2":{"start":{"line":3,"column":29},"end":{"line":3,"column":47}},"3":{"start":{"line":5,"column":0},"end":{"line":6,"column":57}},"4":{"start":{"line":6,"column":2},"end":{"line":6,"column":56}},"5":{"start":{"line":8,"column":0},"end":{"line":8,"column":51}},"6":{"start":{"line":8,"column":33},"end":{"line":8,"column":50}},"7":{"start":{"line":11,"column":0},"end":{"line":14,"column":2}},"8":{"start":{"line":12,"column":2},"end":{"line":12,"column":19}},"9":{"start":{"line":13,"column":2},"end":{"line":13,"column":20}}},"fnMap":{"0":{"name":"(anonymous_0)","decl":{"start":{"line":3,"column":15},"end":{"line":3,"column":16}},"loc":{"start":{"line":3,"column":29},"end":{"line":3,"column":47}},"line":3},"1":{"name":"(anonymous_1)","decl":{"start":{"line":5,"column":16},"end":{"line":5,"column":17}},"loc":{"start":{"line":6,"column":2},"end":{"line":6,"column":56}},"line":6},"2":{"name":"(anonymous_2)","decl":{"start":{"line":8,"column":19},"end":{"line":8,"column":20}},"loc":{"start":{"line":8,"column":33},"end":{"line":8,"column":50}},"line":8},"3":{"name":"(anonymous_3)","decl":{"start":{"line":11,"column":22},"end":{"line":11,"column":23}},"loc":{"start":{"line":11,"column":47},"end":{"line":14,"column":1}},"line":11}},"branchMap":{},"s":{"0":2,"1":2,"2":2,"3":2,"4":2,"5":2,"6":1,"7":2,"8":1,"9":1},"f":{"0":2,"1":2,"2":1,"3":1},"b":{},"_coverageSchema":"1a1c01bbd47fc00a2c39e90264f33305004495a9","hash":"bb3f26d286e2334a535eb761553d210475211976"}
}
