TN:
SF:meadowlark.js
FN:26,(anonymous_0)
FNF:1
FNH:0
FNDA:0,(anonymous_0)
DA:1,1
DA:2,1
DA:3,1
DA:4,1
DA:5,1
DA:7,1
DA:14,1
DA:15,1
DA:17,1
DA:19,1
DA:21,1
DA:23,1
DA:25,1
DA:26,0
DA:27,0
DA:33,1
LF:16
LH:14
BRDA:4,0,0,1
BRDA:4,0,1,1
BRDA:25,1,0,0
BRDA:25,1,1,1
BRF:4
BRH:3
end_of_record
TN:
SF:lib/fortune.js
FN:9,(anonymous_0)
FNF:1
FNH:1
FNDA:2,(anonymous_0)
DA:1,2
DA:9,2
DA:10,2
DA:11,2
LF:4
LH:4
BRF:0
BRH:0
end_of_record
TN:
SF:lib/handlers.js
FN:3,(anonymous_0)
FN:5,(anonymous_1)
FN:8,(anonymous_2)
FN:11,(anonymous_3)
FNF:4
FNH:4
FNDA:2,(anonymous_0)
FNDA:2,(anonymous_1)
FNDA:1,(anonymous_2)
FNDA:1,(anonymous_3)
DA:1,2
DA:3,2
DA:5,2
DA:6,2
DA:8,2
DA:11,2
DA:12,1
DA:13,1
LF:8
LH:8
BRF:0
BRH:0
end_of_record
